<?xml version="1.0" encoding="UTF-8" ?>
<testsuite failures="0" time="1.11" errors="0" skipped="0" tests="5" name="test.java.M.Tests.MyTest">
  <properties>
[...]
</properties>
  <testcase time="0.047" classname="test.java.M.Tests.MyTest" name="PointToStringConverterTest"/>
  <testcase time="0" classname="test.java.M.Tests.MyTest" name="DateToStringConverterTest"/>
  <testcase time="0" classname="test.java.M.Tests.MyTest" name="DateIncTest"/>
  <testcase time="0" classname="test.java.M.Tests.MyTest" name="DateNotLargerTest"/>
  <testcase time="0" classname="test.java.M.Tests.MyTest" name="ConvertAndCheckTest"/>
</testsuite>